\BOOKMARK [0][-]{ii.0}{Table of Contents}{}% 1
\BOOKMARK [0][-]{section*.2}{List of Figures}{}% 2
\BOOKMARK [0][-]{section*.3}{List of Tables}{}% 3
\BOOKMARK [0][-]{section*.4}{List of Acronyms}{}% 4
\BOOKMARK [0][-]{section*.5}{Abstract}{}% 5
\BOOKMARK [0][-]{chapter.1}{Introduction}{}% 6
\BOOKMARK [0][-]{chapter.2}{Dark Matter Overview}{}% 7
\BOOKMARK [1][-]{section.2.1}{Observational evidence for dark matter}{chapter.2}% 8
\BOOKMARK [1][-]{section.2.2}{Avoiding dark matter}{chapter.2}% 9
\BOOKMARK [1][-]{section.2.3}{Possible dark matter candidates}{chapter.2}% 10
\BOOKMARK [1][-]{section.2.4}{Searching for dark matter}{chapter.2}% 11
\BOOKMARK [1][-]{section.2.5}{Current status for dark matter searches}{chapter.2}% 12
\BOOKMARK [0][-]{chapter.3}{Physics Topics}{}% 13
\BOOKMARK [1][-]{section.3.1}{Muons}{chapter.3}% 14
\BOOKMARK [1][-]{section.3.2}{Muons Underground}{chapter.3}% 15
\BOOKMARK [1][-]{section.3.3}{Muon Induced Backgrounds}{chapter.3}% 16
\BOOKMARK [0][-]{chapter.4}{LUX-ZEPLIN Dark Matter Experiment}{}% 17
\BOOKMARK [1][-]{section.4.1}{Overview}{chapter.4}% 18
\BOOKMARK [1][-]{section.4.2}{Particle-Xenon interaction within a TPC}{chapter.4}% 19
\BOOKMARK [1][-]{section.4.3}{Veto system}{chapter.4}% 20
\BOOKMARK [1][-]{section.4.4}{Outer Detector Construction \(Nov20 - Apr21\)}{chapter.4}% 21
\BOOKMARK [0][-]{chapter.5}{Outer Detector Optical Calibration System}{}% 22
\BOOKMARK [1][-]{section.5.1}{System overview}{chapter.5}% 23
\BOOKMARK [0][-]{chapter.6}{Single Photon Electron Calibration and Monitoring}{}% 24
\BOOKMARK [1][-]{section.6.1}{Analysis and Calibration}{chapter.6}% 25
\BOOKMARK [1][-]{section.6.2}{Monitoring through SR1}{chapter.6}% 26
\BOOKMARK [0][-]{chapter.7}{Outer Detector Topology Studies}{}% 27
\BOOKMARK [1][-]{section.7.1}{Local-Distant Asymmetry}{chapter.7}% 28
\BOOKMARK [1][-]{section.7.2}{Top-Bottom Asymmetry}{chapter.7}% 29
\BOOKMARK [0][-]{chapter.8}{Muon Analysis}{}% 30
\BOOKMARK [1][-]{section.8.1}{Muon Rate During SR1}{chapter.8}% 31
\BOOKMARK [2][-]{subsection.8.1.1}{Analysis}{section.8.1}% 32
\BOOKMARK [2][-]{subsection.8.1.2}{Livetime Impact}{section.8.1}% 33
\BOOKMARK [1][-]{section.8.2}{Muon Simulations}{chapter.8}% 34
\BOOKMARK [1][-]{section.8.3}{Muon Flux Measurement}{chapter.8}% 35
\BOOKMARK [0][-]{chapter.9}{Conclusion}{}% 36
\BOOKMARK [0][-]{section*.6}{Bibliography}{}% 37
